<?xml version="1.0" encoding="UTF-8"?>
<!-- Generated by org.testng.reporters.JUnitReportReporter -->
<testsuite hostname="DESKTOP-E8N4AVL" failures="0" tests="2" name="TestNg.AfterTestmethod" time="0.008" errors="0" timestamp="2025-05-28T00:01:30 IST" skipped="0">
  <testcase classname="TestNg.AfterTestmethod" name="xyz" time="0.004"/>
  <testcase classname="TestNg.AfterTestmethod" name="xyz" time="0.004"/>
</testsuite> <!-- TestNg.AfterTestmethod -->
