<?xml version="1.0" encoding="UTF-8"?>
<!-- Generated by org.testng.reporters.JUnitReportReporter -->
<testsuite hostname="DESKTOP-E8N4AVL" failures="0" tests="3" name="DataProvider.parallelTesting" time="2.113" errors="0" timestamp="2025-05-29T10:29:49 IST" skipped="0">
  <testcase classname="DataProvider.parallelTesting" name="testLogo" time="2.095"/>
  <testcase classname="DataProvider.parallelTesting" name="testTitle" time="0.003"/>
  <testcase classname="DataProvider.parallelTesting" name="testUrl" time="0.015"/>
</testsuite> <!-- DataProvider.parallelTesting -->
