<?xml version="1.0" encoding="UTF-8"?>
<!-- Generated by org.testng.reporters.JUnitReportReporter -->
<testsuite hostname="DESKTOP-E8N4AVL" failures="0" tests="2" name="TestNg.PracticeBeforeClass" time="0.012" errors="0" timestamp="2025-05-27T19:19:29 IST" skipped="0">
  <testcase classname="TestNg.PracticeBeforeClass" name="search" time="0.010"/>
  <testcase classname="TestNg.PracticeBeforeClass" name="advsearch" time="0.002"/>
</testsuite> <!-- TestNg.PracticeBeforeClass -->
