<?xml version="1.0" encoding="UTF-8"?>
<!-- Generated by org.testng.reporters.JUnitReportReporter -->
<testsuite hostname="DESKTOP-E8N4AVL" failures="0" tests="1" name="Crm.createcampaign" time="13.568" errors="0" timestamp="2025-06-30T14:31:00 IST" skipped="0">
  <testcase classname="Crm.createcampaign" name="createCampaignPage" time="13.568"/>
</testsuite> <!-- Crm.createcampaign -->
