<?xml version="1.0" encoding="UTF-8"?>
<!-- Generated by org.testng.reporters.JUnitReportReporter -->
<testsuite hostname="DESKTOP-E8N4AVL" failures="0" tests="2" name="TestNg.PracticeTest3" time="0.039" errors="0" timestamp="2025-05-27T19:05:50 IST" skipped="0">
  <testcase classname="TestNg.PracticeTest3" name="search" time="0.030"/>
  <testcase classname="TestNg.PracticeTest3" name="Advsearch" time="0.009"/>
</testsuite> <!-- TestNg.PracticeTest3 -->
