<?xml version="1.0" encoding="UTF-8"?>
<!-- Generated by org.testng.reporters.JUnitReportReporter -->
<testsuite hostname="DESKTOP-E8N4AVL" failures="0" tests="3" name="PracticetestNg" time="0.033" errors="0" timestamp="2025-05-15T15:23:25 IST" skipped="0">
  <testcase classname="PracticetestNg" name="arun" time="0.006">
    <system-out>
      <![CDATA[print1]]>
    </system-out>
  </testcase> <!-- arun -->
  <testcase classname="PracticetestNg" name="amit" time="0.023">
    <system-out>
      <![CDATA[print3]]>
    </system-out>
  </testcase> <!-- amit -->
  <testcase classname="PracticetestNg" name="anjali" time="0.004">
    <system-out>
      <![CDATA[print2]]>
    </system-out>
  </testcase> <!-- anjali -->
  <system-out>
    <![CDATA[print3
print2
print1]]>
  </system-out>
</testsuite> <!-- PracticetestNg -->
