<?xml version="1.0" encoding="UTF-8"?>
<!-- Generated by org.testng.reporters.JUnitReportReporter -->
<testsuite hostname="DESKTOP-E8N4AVL" failures="0" tests="3" name="groups.signup" time="0.027" errors="0" timestamp="2025-05-28T17:15:25 IST" skipped="0">
  <testcase classname="groups.signup" name="signupfacebook" time="0.019"/>
  <testcase classname="groups.signup" name="signupEmail" time="0.004"/>
  <testcase classname="groups.signup" name="signupGoogle" time="0.004"/>
</testsuite> <!-- groups.signup -->
