<?xml version="1.0" encoding="UTF-8"?>
<!-- Generated by org.testng.reporters.JUnitReportReporter -->
<testsuite hostname="DESKTOP-E8N4AVL" failures="0" tests="1" name="ObjectRepositiry.CreateCampaign" time="0.017" errors="1" timestamp="2025-06-15T10:22:49 IST" skipped="0">
  <testcase classname="ObjectRepositiry.CreateCampaign" name="createCampaignTest" time="0.017">
    <error message="Unresolved compilation problems: 
	driver cannot be resolved to a variable
	driver cannot be resolved to a variable
	The method getCampaignText() in the type CampaignPage is not applicable for the arguments (String)
	The method getTargetSizeText() in the type CampaignPage is not applicable for the arguments (String)
	driver cannot be resolved
	driver cannot be resolved to a variable
	driver cannot be resolved
	driver cannot be resolved to a variable
	driver cannot be resolved
	driver cannot be resolved to a variable
	driver cannot be resolved
" type="java.lang.Error">
      <![CDATA[java.lang.Error: Unresolved compilation problems: 
driver cannot be resolved to a variable
driver cannot be resolved to a variable
The method getCampaignText() in the type CampaignPage is not applicable for the arguments (String)
The method getTargetSizeText() in the type CampaignPage is not applicable for the arguments (String)
driver cannot be resolved
driver cannot be resolved to a variable
driver cannot be resolved
driver cannot be resolved to a variable
driver cannot be resolved
driver cannot be resolved to a variable
driver cannot be resolved

at ObjectRepositiry.CreateCampaign.createCampaignTest(CreateCampaign.java:40)
at java.base/jdk.internal.reflect.DirectMethodHandleAccessor.invoke(DirectMethodHandleAccessor.java:103)
at java.base/java.lang.reflect.Method.invoke(Method.java:580)
at org.testng.internal.invokers.MethodInvocationHelper.invokeMethod(MethodInvocationHelper.java:141)
at org.testng.internal.invokers.TestInvoker.invokeMethod(TestInvoker.java:687)
at org.testng.internal.invokers.TestInvoker.invokeTestMethod(TestInvoker.java:230)
at org.testng.internal.invokers.MethodRunner.runInSequence(MethodRunner.java:63)
at org.testng.internal.invokers.TestInvoker$MethodInvocationAgent.invoke(TestInvoker.java:995)
at org.testng.internal.invokers.TestInvoker.invokeTestMethods(TestInvoker.java:203)
at org.testng.internal.invokers.TestMethodWorker.invokeTestMethods(TestMethodWorker.java:154)
at org.testng.internal.invokers.TestMethodWorker.run(TestMethodWorker.java:134)
at java.base/java.util.ArrayList.forEach(ArrayList.java:1596)
at org.testng.TestRunner.privateRun(TestRunner.java:741)
at org.testng.TestRunner.run(TestRunner.java:616)
at org.testng.SuiteRunner.runTest(SuiteRunner.java:421)
at org.testng.SuiteRunner.runSequentially(SuiteRunner.java:413)
at org.testng.SuiteRunner.privateRun(SuiteRunner.java:373)
at org.testng.SuiteRunner.run(SuiteRunner.java:312)
at org.testng.SuiteRunnerWorker.runSuite(SuiteRunnerWorker.java:52)
at org.testng.SuiteRunnerWorker.run(SuiteRunnerWorker.java:95)
at org.testng.TestNG.runSuitesSequentially(TestNG.java:1274)
at org.testng.TestNG.runSuitesLocally(TestNG.java:1208)
at org.testng.TestNG.runSuites(TestNG.java:1112)
at org.testng.TestNG.run(TestNG.java:1079)
at org.testng.remote.AbstractRemoteTestNG.run(AbstractRemoteTestNG.java:115)
at org.testng.remote.RemoteTestNG.initAndRun(RemoteTestNG.java:293)
at org.testng.remote.RemoteTestNG.main(RemoteTestNG.java:91)
]]>
    </error>
  </testcase> <!-- createCampaignTest -->
</testsuite> <!-- ObjectRepositiry.CreateCampaign -->
