<?xml version="1.0" encoding="UTF-8"?>
<!-- Generated by org.testng.reporters.JUnitReportReporter -->
<testsuite hostname="DESKTOP-E8N4AVL" failures="0" tests="2" name="TestNg.BeforeAfterSuite" time="0.012" errors="0" timestamp="2025-05-28T00:01:30 IST" skipped="0">
  <testcase classname="TestNg.BeforeAfterSuite" name="pqr" time="0.005"/>
  <testcase classname="TestNg.BeforeAfterSuite" name="pqr" time="0.007"/>
</testsuite> <!-- TestNg.BeforeAfterSuite -->
