<?xml version="1.0" encoding="UTF-8"?>
<!-- Generated by org.testng.reporters.JUnitReportReporter -->
<testsuite hostname="DESKTOP-E8N4AVL" failures="0" tests="2" name="TestNg.PracticeTest3BeforeMethod" time="0.035" errors="0" timestamp="2025-05-27T19:07:22 IST" skipped="0">
  <testcase classname="TestNg.PracticeTest3BeforeMethod" name="search" time="0.027"/>
  <testcase classname="TestNg.PracticeTest3BeforeMethod" name="Advsearch" time="0.008"/>
</testsuite> <!-- TestNg.PracticeTest3BeforeMethod -->
