<?xml version="1.0" encoding="UTF-8"?>
<!-- Generated by org.testng.reporters.JUnitReportReporter -->
<testsuite hostname="DESKTOP-E8N4AVL" failures="0" tests="2" name="TestNg.BeforeTestMethod" time="0.019" errors="0" timestamp="2025-05-28T00:01:30 IST" skipped="0">
  <testcase classname="TestNg.BeforeTestMethod" name="abc" time="0.004"/>
  <testcase classname="TestNg.BeforeTestMethod" name="abc" time="0.015"/>
</testsuite> <!-- TestNg.BeforeTestMethod -->
