<?xml version="1.0" encoding="UTF-8"?>
<!-- Generated by org.testng.reporters.JUnitReportReporter -->
<testsuite hostname="DESKTOP-E8N4AVL" failures="0" tests="3" name="TestNg.PracticeTestNg1" time="0.021" errors="0" timestamp="2025-05-27T18:27:41 IST" skipped="0">
  <testcase classname="TestNg.PracticeTestNg1" name="m8" time="0.016">
    <system-out>
      <![CDATA[m8 executed 0]]>
    </system-out>
  </testcase> <!-- m8 -->
  <testcase classname="TestNg.PracticeTestNg1" name="m9" time="0.002">
    <system-out>
      <![CDATA[m9 executed  1]]>
    </system-out>
  </testcase> <!-- m9 -->
  <testcase classname="TestNg.PracticeTestNg1" name="m7" time="0.003">
    <system-out>
      <![CDATA[m7 executed  2 ]]>
    </system-out>
  </testcase> <!-- m7 -->
  <system-out>
    <![CDATA[m8 executed 0
m9 executed  1
m7 executed  2 
logo displayed :true]]>
  </system-out>
</testsuite> <!-- TestNg.PracticeTestNg1 -->
