<?xml version="1.0" encoding="UTF-8"?>
<!-- Generated by org.testng.reporters.JUnitReportReporter -->
<testsuite hostname="DESKTOP-E8N4AVL" failures="0" tests="2" name="groups.payment" time="0.007" errors="0" timestamp="2025-05-28T16:52:48 IST" skipped="0">
  <testcase classname="groups.payment" name="upi" time="0.004"/>
  <testcase classname="groups.payment" name="netbanking" time="0.003"/>
</testsuite> <!-- groups.payment -->
