<?xml version="1.0" encoding="UTF-8"?>
<!-- Generated by org.testng.reporters.JUnitReportReporter -->
<testsuite hostname="DESKTOP-E8N4AVL" failures="0" tests="2" name="TestNg.AllAnnotation" time="0.035" errors="0" timestamp="2025-05-28T00:49:17 IST" skipped="0">
  <testcase classname="TestNg.AllAnnotation" name="xyz" time="0.015"/>
  <testcase classname="TestNg.AllAnnotation" name="abc" time="0.020"/>
</testsuite> <!-- TestNg.AllAnnotation -->
