<?xml version="1.0" encoding="UTF-8"?>
<!-- Generated by org.testng.reporters.JUnitReportReporter -->
<testsuite hostname="DESKTOP-E8N4AVL" failures="0" tests="4" name="TestNg.PracticeTest2" time="10.842" errors="0" timestamp="2025-05-27T18:41:44 IST" skipped="0">
  <testcase classname="TestNg.PracticeTest2" name="openApp" time="7.893"/>
  <testcase classname="TestNg.PracticeTest2" name="testLogo" time="2.083">
    <system-out>
      <![CDATA[logo displayed :true]]>
    </system-out>
  </testcase> <!-- testLogo -->
  <testcase classname="TestNg.PracticeTest2" name="testLogin" time="0.448"/>
  <testcase classname="TestNg.PracticeTest2" name="closeApp" time="0.418"/>
  <system-out>
    <![CDATA[logo displayed :true]]>
  </system-out>
</testsuite> <!-- TestNg.PracticeTest2 -->
