<?xml version="1.0" encoding="UTF-8"?>
<!-- Generated by org.testng.reporters.JUnitReportReporter -->
<testsuite hostname="DESKTOP-E8N4AVL" failures="0" tests="1" name="DataProvider.Dataprovider" time="6.631" errors="0" timestamp="2025-05-28T17:18:57 IST" skipped="0">
  <testcase classname="DataProvider.Dataprovider" name="testlogin" time="6.631"/>
</testsuite> <!-- DataProvider.Dataprovider -->
