<?xml version="1.0" encoding="UTF-8"?>
<!-- Generated by org.testng.reporters.JUnitReportReporter -->
<testsuite hostname="DESKTOP-E8N4AVL" failures="0" tests="3" name="groups.loginTests" time="0.022" errors="0" timestamp="2025-05-28T16:51:03 IST" skipped="0">
  <testcase classname="groups.loginTests" name="facebookLogin" time="0.015"/>
  <testcase classname="groups.loginTests" name="emailLogin" time="0.002"/>
  <testcase classname="groups.loginTests" name="googleLogin" time="0.005"/>
</testsuite> <!-- groups.loginTests -->
